[debug] [2021-02-08T14:26:11.597Z] ----------------------------------------------------------------------
[debug] [2021-02-08T14:26:11.599Z] Command:       D:\program\nodejs\node.exe C:\Users\Mathurada\AppData\Roaming\npm\node_modules\firebase-tools\lib\bin\firebase.js init
[debug] [2021-02-08T14:26:11.600Z] CLI Version:   9.3.0
[debug] [2021-02-08T14:26:11.600Z] Platform:      win32
[debug] [2021-02-08T14:26:11.600Z] Node Version:  v12.16.2
[debug] [2021-02-08T14:26:11.601Z] Time:          Mon Feb 08 2021 21:26:11 GMT+0700 (GMT+07:00)
[debug] [2021-02-08T14:26:11.601Z] ----------------------------------------------------------------------
[debug] [2021-02-08T14:26:11.601Z] 
[debug] [2021-02-08T14:26:11.607Z] > command requires scopes: ["email","openid","https://www.googleapis.com/auth/cloudplatformprojects.readonly","https://www.googleapis.com/auth/firebase","https://www.googleapis.com/auth/cloud-platform"]
[debug] [2021-02-08T14:26:11.608Z] > authorizing via signed-in user
[info] 
     ######## #### ########  ######## ########     ###     ######  ########
     ##        ##  ##     ## ##       ##     ##  ##   ##  ##       ##
     ######    ##  ########  ######   ########  #########  ######  ######
     ##        ##  ##    ##  ##       ##     ## ##     ##       ## ##
     ##       #### ##     ## ######## ########  ##     ##  ######  ########

You're about to initialize a Firebase project in this directory:

  D:\vscode-workspace\cimb\CMS-Microsite

Before we get started, keep in mind:

  * You are initializing in an existing Firebase project directory

[info] 
=== Project Setup
[info] 
[info] First, let's associate this project directory with a Firebase project.
[info] You can create multiple project aliases by running firebase use --add, 
[info] but for now we'll just set up a default project.
[info] 
[info] i  .firebaserc already has a default project, using pilot-cms-mathurada. 
[debug] [2021-02-08T14:26:16.997Z] > refreshing access token with scopes: []
[debug] [2021-02-08T14:26:16.998Z] >>> HTTP REQUEST POST https://www.googleapis.com/oauth2/v3/token  
 <request body omitted>
[debug] [2021-02-08T14:26:17.168Z] <<< HTTP RESPONSE 200 {"pragma":"no-cache","cache-control":"no-cache, no-store, max-age=0, must-revalidate","date":"Mon, 08 Feb 2021 14:26:18 GMT","expires":"Mon, 01 Jan 1990 00:00:00 GMT","content-type":"application/json; charset=utf-8","vary":"X-Origin, Referer, Origin,Accept-Encoding","server":"scaffolding on HTTPServer2","x-xss-protection":"0","x-frame-options":"SAMEORIGIN","x-content-type-options":"nosniff","alt-svc":"h3-29=\":443\"; ma=2592000,h3-T051=\":443\"; ma=2592000,h3-Q050=\":443\"; ma=2592000,h3-Q046=\":443\"; ma=2592000,h3-Q043=\":443\"; ma=2592000,quic=\":443\"; ma=2592000; v=\"46,43\"","accept-ranges":"none","transfer-encoding":"chunked"}
[debug] [2021-02-08T14:26:17.182Z] >>> [apiv2][query] GET https://firebase.googleapis.com/v1beta1/projects/pilot-cms-mathurada [none]
[debug] [2021-02-08T14:26:17.466Z] <<< [apiv2][status] GET https://firebase.googleapis.com/v1beta1/projects/pilot-cms-mathurada 200
[debug] [2021-02-08T14:26:17.466Z] <<< [apiv2][body] GET https://firebase.googleapis.com/v1beta1/projects/pilot-cms-mathurada {"projectId":"pilot-cms-mathurada","projectNumber":"861906928124","displayName":"pilot-cms-mathurada","name":"projects/pilot-cms-mathurada","resources":{"hostingSite":"pilot-cms-mathurada"},"state":"ACTIVE"}
[info] 
=== Hosting Setup
[info] 
[info] Your public directory is the folder (relative to your project directory) that
[info] will contain Hosting assets to be uploaded with firebase deploy. If you
[info] have a build process for your assets, use your build's output directory.
[info] 
